/home/guillaume/Bureau/M1Sem2/recherche/GUN_TER_git/Guillaume_Noemie_Gaetan/code/expfiles/ter/wrappers/WrapperRestaurantApiToRdf.jar
/home/guillaume/Bureau/M1Sem2/recherche/GUN_TER_git/Guillaume_Noemie_Gaetan/code/expfiles/ter/sparqlIndexes/view4.sparql
/home/guillaume/Bureau/M1Sem2/recherche/GUN_TER_git/Guillaume_Noemie_Gaetan/code/expfiles/ter/viewsN3/view4_0.n3
PREFIX onto: <http://example.org/>
SELECT ?x ?ad ?name 
WHERE
{ 
	?x onto:hasAddress ?ad.
	?x onto:hasName ?name. 
}
/home/guillaume/Bureau/M1Sem2/recherche/GUN_TER_git/Guillaume_Noemie_Gaetan/code/expfiles/ter/wrappers/WrapperRestaurantApiToRdf.jar
/home/guillaume/Bureau/M1Sem2/recherche/GUN_TER_git/Guillaume_Noemie_Gaetan/code/expfiles/ter/sparqlIndexes/view2.sparql
/home/guillaume/Bureau/M1Sem2/recherche/GUN_TER_git/Guillaume_Noemie_Gaetan/code/expfiles/ter/viewsN3/view2_0.n3
PREFIX onto: <http://example.org/>
SELECT ?x ?mail ?ws 
WHERE
{ 
	?x onto:hasMail ?mail.
	?x onto:hasWebSite ?ws.
}
